{"/home/patrick/Área de Trabalho/Trybe/Fundamentos do Desenvolvimento Web/Bloco7 - Introdução à JavaScript ES6 e Testes Unitários/my_new_project/exercícios/ex.js": {"path":"/home/patrick/Área de Trabalho/Trybe/Fundamentos do Desenvolvimento Web/Bloco7 - Introdução à JavaScript ES6 e Testes Unitários/my_new_project/exercícios/ex.js","statementMap":{"0":{"start":{"line":2,"column":2},"end":{"line":4,"column":3}},"1":{"start":{"line":3,"column":4},"end":{"line":3,"column":50}},"2":{"start":{"line":5,"column":2},"end":{"line":5,"column":15}},"3":{"start":{"line":9,"column":16},"end":{"line":9,"column":18}},"4":{"start":{"line":11,"column":2},"end":{"line":16,"column":3}},"5":{"start":{"line":11,"column":14},"end":{"line":11,"column":15}},"6":{"start":{"line":12,"column":4},"end":{"line":14,"column":5}},"7":{"start":{"line":13,"column":6},"end":{"line":13,"column":27}},"8":{"start":{"line":17,"column":2},"end":{"line":17,"column":17}},"9":{"start":{"line":21,"column":2},"end":{"line":32,"column":3}},"10":{"start":{"line":22,"column":4},"end":{"line":22,"column":37}},"11":{"start":{"line":24,"column":7},"end":{"line":32,"column":3}},"12":{"start":{"line":25,"column":4},"end":{"line":25,"column":22}},"13":{"start":{"line":27,"column":7},"end":{"line":32,"column":3}},"14":{"start":{"line":28,"column":4},"end":{"line":28,"column":18}},"15":{"start":{"line":30,"column":7},"end":{"line":32,"column":3}},"16":{"start":{"line":31,"column":4},"end":{"line":31,"column":18}},"17":{"start":{"line":33,"column":2},"end":{"line":33,"column":13}},"18":{"start":{"line":37,"column":19},"end":{"line":37,"column":21}},"19":{"start":{"line":39,"column":2},"end":{"line":58,"column":3}},"20":{"start":{"line":40,"column":4},"end":{"line":57,"column":5}},"21":{"start":{"line":41,"column":6},"end":{"line":41,"column":24}},"22":{"start":{"line":43,"column":9},"end":{"line":57,"column":5}},"23":{"start":{"line":44,"column":6},"end":{"line":44,"column":24}},"24":{"start":{"line":46,"column":9},"end":{"line":57,"column":5}},"25":{"start":{"line":47,"column":6},"end":{"line":47,"column":24}},"26":{"start":{"line":49,"column":9},"end":{"line":57,"column":5}},"27":{"start":{"line":50,"column":6},"end":{"line":50,"column":24}},"28":{"start":{"line":52,"column":9},"end":{"line":57,"column":5}},"29":{"start":{"line":53,"column":6},"end":{"line":53,"column":24}},"30":{"start":{"line":56,"column":6},"end":{"line":56,"column":33}},"31":{"start":{"line":59,"column":2},"end":{"line":59,"column":20}},"32":{"start":{"line":63,"column":19},"end":{"line":63,"column":21}},"33":{"start":{"line":65,"column":2},"end":{"line":84,"column":3}},"34":{"start":{"line":66,"column":4},"end":{"line":83,"column":5}},"35":{"start":{"line":67,"column":6},"end":{"line":67,"column":24}},"36":{"start":{"line":69,"column":9},"end":{"line":83,"column":5}},"37":{"start":{"line":70,"column":6},"end":{"line":70,"column":24}},"38":{"start":{"line":72,"column":9},"end":{"line":83,"column":5}},"39":{"start":{"line":73,"column":6},"end":{"line":73,"column":24}},"40":{"start":{"line":75,"column":9},"end":{"line":83,"column":5}},"41":{"start":{"line":76,"column":6},"end":{"line":76,"column":24}},"42":{"start":{"line":78,"column":9},"end":{"line":83,"column":5}},"43":{"start":{"line":79,"column":6},"end":{"line":79,"column":24}},"44":{"start":{"line":82,"column":6},"end":{"line":82,"column":30}},"45":{"start":{"line":85,"column":2},"end":{"line":85,"column":20}},"46":{"start":{"line":89,"column":2},"end":{"line":91,"column":3}},"47":{"start":{"line":90,"column":4},"end":{"line":90,"column":20}},"48":{"start":{"line":93,"column":19},"end":{"line":93,"column":35}},"49":{"start":{"line":94,"column":15},"end":{"line":94,"column":17}},"50":{"start":{"line":96,"column":2},"end":{"line":101,"column":3}},"51":{"start":{"line":96,"column":14},"end":{"line":96,"column":15}},"52":{"start":{"line":97,"column":4},"end":{"line":100,"column":7}},"53":{"start":{"line":103,"column":2},"end":{"line":103,"column":16}},"54":{"start":{"line":107,"column":15},"end":{"line":107,"column":16}},"55":{"start":{"line":109,"column":2},"end":{"line":115,"column":3}},"56":{"start":{"line":110,"column":17},"end":{"line":110,"column":35}},"57":{"start":{"line":112,"column":4},"end":{"line":114,"column":5}},"58":{"start":{"line":113,"column":8},"end":{"line":113,"column":25}},"59":{"start":{"line":117,"column":2},"end":{"line":119,"column":3}},"60":{"start":{"line":118,"column":4},"end":{"line":118,"column":37}},"61":{"start":{"line":120,"column":2},"end":{"line":120,"column":34}},"62":{"start":{"line":123,"column":26},"end":{"line":160,"column":1}},"63":{"start":{"line":162,"column":23},"end":{"line":175,"column":1}},"64":{"start":{"line":163,"column":2},"end":{"line":173,"column":3}},"65":{"start":{"line":164,"column":4},"end":{"line":172,"column":5}},"66":{"start":{"line":166,"column":6},"end":{"line":170,"column":7}},"67":{"start":{"line":167,"column":8},"end":{"line":169,"column":9}},"68":{"start":{"line":168,"column":10},"end":{"line":168,"column":27}},"69":{"start":{"line":171,"column":6},"end":{"line":171,"column":50}},"70":{"start":{"line":174,"column":2},"end":{"line":174,"column":42}},"71":{"start":{"line":177,"column":0},"end":{"line":177,"column":96}}},"fnMap":{"0":{"name":"sum","decl":{"start":{"line":1,"column":9},"end":{"line":1,"column":12}},"loc":{"start":{"line":1,"column":19},"end":{"line":6,"column":1}},"line":1},"1":{"name":"myRemove","decl":{"start":{"line":8,"column":9},"end":{"line":8,"column":17}},"loc":{"start":{"line":8,"column":29},"end":{"line":18,"column":1}},"line":8},"2":{"name":"myFizzBuzz","decl":{"start":{"line":20,"column":9},"end":{"line":20,"column":19}},"loc":{"start":{"line":20,"column":25},"end":{"line":34,"column":1}},"line":20},"3":{"name":"encode","decl":{"start":{"line":36,"column":9},"end":{"line":36,"column":15}},"loc":{"start":{"line":36,"column":27},"end":{"line":60,"column":1}},"line":36},"4":{"name":"decode","decl":{"start":{"line":62,"column":9},"end":{"line":62,"column":15}},"loc":{"start":{"line":62,"column":24},"end":{"line":86,"column":1}},"line":62},"5":{"name":"techList","decl":{"start":{"line":88,"column":9},"end":{"line":88,"column":17}},"loc":{"start":{"line":88,"column":41},"end":{"line":104,"column":1}},"line":88},"6":{"name":"hydrate","decl":{"start":{"line":106,"column":9},"end":{"line":106,"column":16}},"loc":{"start":{"line":106,"column":25},"end":{"line":121,"column":1}},"line":106},"7":{"name":"(anonymous_7)","decl":{"start":{"line":162,"column":23},"end":{"line":162,"column":24}},"loc":{"start":{"line":162,"column":39},"end":{"line":175,"column":1}},"line":162}},"branchMap":{"0":{"loc":{"start":{"line":2,"column":2},"end":{"line":4,"column":3}},"type":"if","locations":[{"start":{"line":2,"column":2},"end":{"line":4,"column":3}},{"start":{},"end":{}}],"line":2},"1":{"loc":{"start":{"line":2,"column":5},"end":{"line":2,"column":51}},"type":"binary-expr","locations":[{"start":{"line":2,"column":5},"end":{"line":2,"column":26}},{"start":{"line":2,"column":30},"end":{"line":2,"column":51}}],"line":2},"2":{"loc":{"start":{"line":12,"column":4},"end":{"line":14,"column":5}},"type":"if","locations":[{"start":{"line":12,"column":4},"end":{"line":14,"column":5}},{"start":{},"end":{}}],"line":12},"3":{"loc":{"start":{"line":21,"column":2},"end":{"line":32,"column":3}},"type":"if","locations":[{"start":{"line":21,"column":2},"end":{"line":32,"column":3}},{"start":{"line":24,"column":7},"end":{"line":32,"column":3}}],"line":21},"4":{"loc":{"start":{"line":24,"column":7},"end":{"line":32,"column":3}},"type":"if","locations":[{"start":{"line":24,"column":7},"end":{"line":32,"column":3}},{"start":{"line":27,"column":7},"end":{"line":32,"column":3}}],"line":24},"5":{"loc":{"start":{"line":27,"column":7},"end":{"line":32,"column":3}},"type":"if","locations":[{"start":{"line":27,"column":7},"end":{"line":32,"column":3}},{"start":{"line":30,"column":7},"end":{"line":32,"column":3}}],"line":27},"6":{"loc":{"start":{"line":27,"column":10},"end":{"line":27,"column":40}},"type":"binary-expr","locations":[{"start":{"line":27,"column":10},"end":{"line":27,"column":23}},{"start":{"line":27,"column":27},"end":{"line":27,"column":40}}],"line":27},"7":{"loc":{"start":{"line":30,"column":7},"end":{"line":32,"column":3}},"type":"if","locations":[{"start":{"line":30,"column":7},"end":{"line":32,"column":3}},{"start":{},"end":{}}],"line":30},"8":{"loc":{"start":{"line":30,"column":10},"end":{"line":30,"column":40}},"type":"binary-expr","locations":[{"start":{"line":30,"column":10},"end":{"line":30,"column":23}},{"start":{"line":30,"column":27},"end":{"line":30,"column":40}}],"line":30},"9":{"loc":{"start":{"line":40,"column":4},"end":{"line":57,"column":5}},"type":"if","locations":[{"start":{"line":40,"column":4},"end":{"line":57,"column":5}},{"start":{"line":43,"column":9},"end":{"line":57,"column":5}}],"line":40},"10":{"loc":{"start":{"line":43,"column":9},"end":{"line":57,"column":5}},"type":"if","locations":[{"start":{"line":43,"column":9},"end":{"line":57,"column":5}},{"start":{"line":46,"column":9},"end":{"line":57,"column":5}}],"line":43},"11":{"loc":{"start":{"line":46,"column":9},"end":{"line":57,"column":5}},"type":"if","locations":[{"start":{"line":46,"column":9},"end":{"line":57,"column":5}},{"start":{"line":49,"column":9},"end":{"line":57,"column":5}}],"line":46},"12":{"loc":{"start":{"line":49,"column":9},"end":{"line":57,"column":5}},"type":"if","locations":[{"start":{"line":49,"column":9},"end":{"line":57,"column":5}},{"start":{"line":52,"column":9},"end":{"line":57,"column":5}}],"line":49},"13":{"loc":{"start":{"line":52,"column":9},"end":{"line":57,"column":5}},"type":"if","locations":[{"start":{"line":52,"column":9},"end":{"line":57,"column":5}},{"start":{"line":55,"column":9},"end":{"line":57,"column":5}}],"line":52},"14":{"loc":{"start":{"line":66,"column":4},"end":{"line":83,"column":5}},"type":"if","locations":[{"start":{"line":66,"column":4},"end":{"line":83,"column":5}},{"start":{"line":69,"column":9},"end":{"line":83,"column":5}}],"line":66},"15":{"loc":{"start":{"line":69,"column":9},"end":{"line":83,"column":5}},"type":"if","locations":[{"start":{"line":69,"column":9},"end":{"line":83,"column":5}},{"start":{"line":72,"column":9},"end":{"line":83,"column":5}}],"line":69},"16":{"loc":{"start":{"line":72,"column":9},"end":{"line":83,"column":5}},"type":"if","locations":[{"start":{"line":72,"column":9},"end":{"line":83,"column":5}},{"start":{"line":75,"column":9},"end":{"line":83,"column":5}}],"line":72},"17":{"loc":{"start":{"line":75,"column":9},"end":{"line":83,"column":5}},"type":"if","locations":[{"start":{"line":75,"column":9},"end":{"line":83,"column":5}},{"start":{"line":78,"column":9},"end":{"line":83,"column":5}}],"line":75},"18":{"loc":{"start":{"line":78,"column":9},"end":{"line":83,"column":5}},"type":"if","locations":[{"start":{"line":78,"column":9},"end":{"line":83,"column":5}},{"start":{"line":81,"column":9},"end":{"line":83,"column":5}}],"line":78},"19":{"loc":{"start":{"line":89,"column":2},"end":{"line":91,"column":3}},"type":"if","locations":[{"start":{"line":89,"column":2},"end":{"line":91,"column":3}},{"start":{},"end":{}}],"line":89},"20":{"loc":{"start":{"line":112,"column":4},"end":{"line":114,"column":5}},"type":"if","locations":[{"start":{"line":112,"column":4},"end":{"line":114,"column":5}},{"start":{},"end":{}}],"line":112},"21":{"loc":{"start":{"line":112,"column":7},"end":{"line":112,"column":50}},"type":"binary-expr","locations":[{"start":{"line":112,"column":7},"end":{"line":112,"column":21}},{"start":{"line":112,"column":25},"end":{"line":112,"column":35}},{"start":{"line":112,"column":39},"end":{"line":112,"column":50}}],"line":112},"22":{"loc":{"start":{"line":117,"column":2},"end":{"line":119,"column":3}},"type":"if","locations":[{"start":{"line":117,"column":2},"end":{"line":119,"column":3}},{"start":{},"end":{}}],"line":117},"23":{"loc":{"start":{"line":164,"column":4},"end":{"line":172,"column":5}},"type":"if","locations":[{"start":{"line":164,"column":4},"end":{"line":172,"column":5}},{"start":{},"end":{}}],"line":164},"24":{"loc":{"start":{"line":167,"column":8},"end":{"line":169,"column":9}},"type":"if","locations":[{"start":{"line":167,"column":8},"end":{"line":169,"column":9}},{"start":{},"end":{}}],"line":167}},"s":{"0":2,"1":1,"2":1,"3":3,"4":3,"5":3,"6":12,"7":10,"8":3,"9":5,"10":1,"11":4,"12":1,"13":3,"14":1,"15":2,"16":1,"17":1,"18":5,"19":5,"20":31,"21":2,"22":29,"23":0,"24":29,"25":2,"26":27,"27":0,"28":27,"29":0,"30":27,"31":5,"32":1,"33":1,"34":7,"35":1,"36":6,"37":0,"38":6,"39":1,"40":5,"41":0,"42":5,"43":0,"44":5,"45":1,"46":2,"47":1,"48":1,"49":1,"50":1,"51":1,"52":5,"53":1,"54":5,"55":5,"56":162,"57":162,"58":12,"59":5,"60":4,"61":1,"62":1,"63":1,"64":3,"65":10,"66":2,"67":6,"68":1,"69":1,"70":1,"71":1},"f":{"0":2,"1":3,"2":5,"3":5,"4":1,"5":2,"6":5,"7":3},"b":{"0":[1,1],"1":[2,2],"2":[10,2],"3":[1,4],"4":[1,3],"5":[1,2],"6":[3,1],"7":[1,1],"8":[2,1],"9":[2,29],"10":[0,29],"11":[2,27],"12":[0,27],"13":[0,27],"14":[1,6],"15":[0,6],"16":[1,5],"17":[0,5],"18":[0,5],"19":[1,1],"20":[12,150],"21":[162,162,12],"22":[4,1],"23":[2,8],"24":[1,5]},"_coverageSchema":"1a1c01bbd47fc00a2c39e90264f33305004495a9","hash":"9611de7086c5ce6ca3a8fe45912326ae0fda4c57"}
}
