TN:
SF:exercícios/ex.js
FN:1,sum
FN:8,myRemove
FN:20,myFizzBuzz
FN:36,encode
FN:62,decode
FN:88,techList
FN:106,hydrate
FN:162,(anonymous_7)
FNF:8
FNH:8
FNDA:2,sum
FNDA:3,myRemove
FNDA:5,myFizzBuzz
FNDA:5,encode
FNDA:1,decode
FNDA:2,techList
FNDA:5,hydrate
FNDA:3,(anonymous_7)
DA:2,2
DA:3,1
DA:5,1
DA:9,3
DA:11,3
DA:12,12
DA:13,10
DA:17,3
DA:21,5
DA:22,1
DA:24,4
DA:25,1
DA:27,3
DA:28,1
DA:30,2
DA:31,1
DA:33,1
DA:37,5
DA:39,5
DA:40,31
DA:41,2
DA:43,29
DA:44,0
DA:46,29
DA:47,2
DA:49,27
DA:50,0
DA:52,27
DA:53,0
DA:56,27
DA:59,5
DA:63,1
DA:65,1
DA:66,7
DA:67,1
DA:69,6
DA:70,0
DA:72,6
DA:73,1
DA:75,5
DA:76,0
DA:78,5
DA:79,0
DA:82,5
DA:85,1
DA:89,2
DA:90,1
DA:93,1
DA:94,1
DA:96,1
DA:97,5
DA:103,1
DA:107,5
DA:109,5
DA:110,162
DA:112,162
DA:113,12
DA:117,5
DA:118,4
DA:120,1
DA:123,1
DA:162,1
DA:163,3
DA:164,10
DA:166,2
DA:167,6
DA:168,1
DA:171,1
DA:174,1
DA:177,1
LF:70
LH:64
BRDA:2,0,0,1
BRDA:2,0,1,1
BRDA:2,1,0,2
BRDA:2,1,1,2
BRDA:12,2,0,10
BRDA:12,2,1,2
BRDA:21,3,0,1
BRDA:21,3,1,4
BRDA:24,4,0,1
BRDA:24,4,1,3
BRDA:27,5,0,1
BRDA:27,5,1,2
BRDA:27,6,0,3
BRDA:27,6,1,1
BRDA:30,7,0,1
BRDA:30,7,1,1
BRDA:30,8,0,2
BRDA:30,8,1,1
BRDA:40,9,0,2
BRDA:40,9,1,29
BRDA:43,10,0,0
BRDA:43,10,1,29
BRDA:46,11,0,2
BRDA:46,11,1,27
BRDA:49,12,0,0
BRDA:49,12,1,27
BRDA:52,13,0,0
BRDA:52,13,1,27
BRDA:66,14,0,1
BRDA:66,14,1,6
BRDA:69,15,0,0
BRDA:69,15,1,6
BRDA:72,16,0,1
BRDA:72,16,1,5
BRDA:75,17,0,0
BRDA:75,17,1,5
BRDA:78,18,0,0
BRDA:78,18,1,5
BRDA:89,19,0,1
BRDA:89,19,1,1
BRDA:112,20,0,12
BRDA:112,20,1,150
BRDA:112,21,0,162
BRDA:112,21,1,162
BRDA:112,21,2,12
BRDA:117,22,0,4
BRDA:117,22,1,1
BRDA:164,23,0,2
BRDA:164,23,1,8
BRDA:167,24,0,1
BRDA:167,24,1,5
BRF:51
BRH:45
end_of_record
