TN:
SF:loginValidation.js
FN:1,(anonymous_0)
FN:8,(anonymous_1)
FN:15,(anonymous_2)
FN:22,(anonymous_3)
FNF:4
FNH:4
FNDA:2,(anonymous_0)
FNDA:2,(anonymous_1)
FNDA:2,(anonymous_2)
FNDA:3,(anonymous_3)
DA:1,1
DA:2,2
DA:3,1
DA:5,1
DA:8,1
DA:9,2
DA:10,1
DA:12,1
DA:15,1
DA:16,2
DA:17,1
DA:19,1
DA:22,1
DA:23,3
DA:24,1
DA:26,2
DA:27,1
DA:29,1
DA:32,1
LF:19
LH:19
BRDA:2,0,0,1
BRDA:2,0,1,1
BRDA:2,1,0,2
BRDA:2,1,1,1
BRDA:9,2,0,1
BRDA:9,2,1,1
BRDA:9,3,0,2
BRDA:9,3,1,1
BRDA:16,4,0,1
BRDA:16,4,1,1
BRDA:16,5,0,2
BRDA:16,5,1,2
BRDA:23,6,0,1
BRDA:23,6,1,2
BRDA:23,7,0,3
BRDA:23,7,1,3
BRDA:26,8,0,1
BRDA:26,8,1,1
BRF:18
BRH:18
end_of_record
